        -:    0:Source:dominion.c
        -:    0:Graph:dominion.gcno
        -:    0:Data:dominion.gcda
        -:    0:Runs:1
        -:    0:Programs:1
        -:    1:#include "dominion.h"
        -:    2:#include "dominion_helpers.h"
        -:    3:#include "rngs.h"
        -:    4:#include <stdio.h>
        -:    5:#include <math.h>
        -:    6:#include <stdlib.h>
        -:    7:
function compare called 0 returned 0% blocks executed 0%
        -:    8:int compare(const void* a, const void* b) {
    #####:    9:  if (*(int*)a > *(int*)b)
branch  0 never executed
branch  1 never executed
    #####:   10:    return 1;
    #####:   11:  if (*(int*)a < *(int*)b)
branch  0 never executed
branch  1 never executed
    #####:   12:    return -1;
    #####:   13:  return 0;
    #####:   14:}
        -:   15:
function newGame called 0 returned 0% blocks executed 0%
        -:   16:struct gameState* newGame() {
    #####:   17:  struct gameState* g = malloc(sizeof(struct gameState));
    #####:   18:  return g;
        -:   19:}
        -:   20:
function kingdomCards called 0 returned 0% blocks executed 0%
        -:   21:int* kingdomCards(int k1, int k2, int k3, int k4, int k5, int k6, int k7,
        -:   22:		  int k8, int k9, int k10) {
    #####:   23:  int* k = malloc(10 * sizeof(int));
    #####:   24:  k[0] = k1;
    #####:   25:  k[1] = k2;
    #####:   26:  k[2] = k3;
    #####:   27:  k[3] = k4;
    #####:   28:  k[4] = k5;
    #####:   29:  k[5] = k6;
    #####:   30:  k[6] = k7;
    #####:   31:  k[7] = k8;
    #####:   32:  k[8] = k9;
    #####:   33:  k[9] = k10;
    #####:   34:  return k;
        -:   35:}
        -:   36:
function initializeGame called 0 returned 0% blocks executed 0%
        -:   37:int initializeGame(int numPlayers, int kingdomCards[10], int randomSeed,
        -:   38:		   struct gameState *state) {
        -:   39:
        -:   40:  int i;
        -:   41:  int j;
        -:   42:  int it;			
        -:   43:  //set up random number generator
    #####:   44:  SelectStream(1);
    #####:   45:  PutSeed((long)randomSeed);
        -:   46:  
        -:   47:  //check number of players
    #####:   48:  if (numPlayers > MAX_PLAYERS || numPlayers < 2)
branch  0 never executed
branch  1 never executed
branch  2 never executed
branch  3 never executed
        -:   49:    {
    #####:   50:      return -1;
        -:   51:    }
        -:   52:
        -:   53:  //set number of players
    #####:   54:  state->numPlayers = numPlayers;
        -:   55:
        -:   56:  //check selected kingdom cards are different
    #####:   57:  for (i = 0; i < 10; i++)
branch  0 never executed
branch  1 never executed
        -:   58:    {
    #####:   59:      for (j = 0; j < 10; j++)
branch  0 never executed
branch  1 never executed
        -:   60:        {
    #####:   61:	  if (j != i && kingdomCards[j] == kingdomCards[i])
branch  0 never executed
branch  1 never executed
branch  2 never executed
branch  3 never executed
        -:   62:	    {
    #####:   63:	      return -1;
        -:   64:	    }
    #####:   65:        }
    #####:   66:    }
        -:   67:
        -:   68:
        -:   69:  //initialize supply
        -:   70:  ///////////////////////////////
        -:   71:
        -:   72:  //set number of Curse cards
    #####:   73:  if (numPlayers == 2)
branch  0 never executed
branch  1 never executed
        -:   74:    {
    #####:   75:      state->supplyCount[curse] = 10;
    #####:   76:    }
    #####:   77:  else if (numPlayers == 3)
branch  0 never executed
branch  1 never executed
        -:   78:    {
    #####:   79:      state->supplyCount[curse] = 20;
    #####:   80:    }
        -:   81:  else
        -:   82:    {
    #####:   83:      state->supplyCount[curse] = 30;
        -:   84:    }
        -:   85:
        -:   86:  //set number of Victory cards
    #####:   87:  if (numPlayers == 2)
branch  0 never executed
branch  1 never executed
        -:   88:    {
    #####:   89:      state->supplyCount[estate] = 8;
    #####:   90:      state->supplyCount[duchy] = 8;
    #####:   91:      state->supplyCount[province] = 8;
    #####:   92:    }
        -:   93:  else
        -:   94:    {
    #####:   95:      state->supplyCount[estate] = 12;
    #####:   96:      state->supplyCount[duchy] = 12;
    #####:   97:      state->supplyCount[province] = 12;
        -:   98:    }
        -:   99:
        -:  100:  //set number of Treasure cards
    #####:  101:  state->supplyCount[copper] = 60 - (7 * numPlayers);
    #####:  102:  state->supplyCount[silver] = 40;
    #####:  103:  state->supplyCount[gold] = 30;
        -:  104:
        -:  105:  //set number of Kingdom cards
    #####:  106:  for (i = adventurer; i <= treasure_map; i++)       	//loop all cards
branch  0 never executed
branch  1 never executed
        -:  107:    {
    #####:  108:      for (j = 0; j < 10; j++)           		//loop chosen cards
branch  0 never executed
branch  1 never executed
        -:  109:	{
    #####:  110:	  if (kingdomCards[j] == i)
branch  0 never executed
branch  1 never executed
        -:  111:	    {
        -:  112:	      //check if card is a 'Victory' Kingdom card
    #####:  113:	      if (kingdomCards[j] == great_hall || kingdomCards[j] == gardens)
branch  0 never executed
branch  1 never executed
branch  2 never executed
branch  3 never executed
        -:  114:		{
    #####:  115:		  if (numPlayers == 2){ 
branch  0 never executed
branch  1 never executed
    #####:  116:		    state->supplyCount[i] = 8; 
    #####:  117:		  }
    #####:  118:		  else{ state->supplyCount[i] = 12; }
    #####:  119:		}
        -:  120:	      else
        -:  121:		{
    #####:  122:		  state->supplyCount[i] = 10;
        -:  123:		}
    #####:  124:	      break;
        -:  125:	    }
        -:  126:	  else    //card is not in the set choosen for the game
        -:  127:	    {
    #####:  128:	      state->supplyCount[i] = -1;
        -:  129:	    }
    #####:  130:	}
        -:  131:
    #####:  132:    }
        -:  133:
        -:  134:  ////////////////////////
        -:  135:  //supply intilization complete
        -:  136:
        -:  137:  //set player decks
    #####:  138:  for (i = 0; i < numPlayers; i++)
branch  0 never executed
branch  1 never executed
        -:  139:    {
    #####:  140:      state->deckCount[i] = 0;
    #####:  141:      for (j = 0; j < 3; j++)
branch  0 never executed
branch  1 never executed
        -:  142:	{
    #####:  143:	  state->deck[i][j] = estate;
    #####:  144:	  state->deckCount[i]++;
    #####:  145:	}
    #####:  146:      for (j = 3; j < 10; j++)
branch  0 never executed
branch  1 never executed
        -:  147:	{
    #####:  148:	  state->deck[i][j] = copper;
    #####:  149:	  state->deckCount[i]++;		
    #####:  150:	}
    #####:  151:    }
        -:  152:
        -:  153:  //shuffle player decks
    #####:  154:  for (i = 0; i < numPlayers; i++)
branch  0 never executed
branch  1 never executed
        -:  155:    {
    #####:  156:      if ( shuffle(i, state) < 0 )
branch  0 never executed
branch  1 never executed
        -:  157:	{
    #####:  158:	  return -1;
        -:  159:	}
    #####:  160:    }
        -:  161:
        -:  162:  //draw player hands
    #####:  163:  for (i = 0; i < numPlayers; i++)
branch  0 never executed
branch  1 never executed
        -:  164:    {  
        -:  165:      //initialize hand size to zero
    #####:  166:      state->handCount[i] = 0;
    #####:  167:      state->discardCount[i] = 0;
        -:  168:      //draw 5 cards
        -:  169:      // for (j = 0; j < 5; j++)
        -:  170:      //	{
        -:  171:      //	  drawCard(i, state);
        -:  172:      //	}
    #####:  173:    }
        -:  174:  
        -:  175:  //set embargo tokens to 0 for all supply piles
    #####:  176:  for (i = 0; i <= treasure_map; i++)
branch  0 never executed
branch  1 never executed
        -:  177:    {
    #####:  178:      state->embargoTokens[i] = 0;
    #####:  179:    }
        -:  180:
        -:  181:  //initialize first player's turn
    #####:  182:  state->outpostPlayed = 0;
    #####:  183:  state->phase = 0;
    #####:  184:  state->numActions = 1;
    #####:  185:  state->numBuys = 1;
    #####:  186:  state->playedCardCount = 0;
    #####:  187:  state->whoseTurn = 0;
    #####:  188:  state->handCount[state->whoseTurn] = 0;
        -:  189:  //int it; move to top
        -:  190:
        -:  191:  //Moved draw cards to here, only drawing at the start of a turn
    #####:  192:  for (it = 0; it < 5; it++){
branch  0 never executed
branch  1 never executed
    #####:  193:    drawCard(state->whoseTurn, state);
    #####:  194:  }
        -:  195:
    #####:  196:  updateCoins(state->whoseTurn, state, 0);
        -:  197:
    #####:  198:  return 0;
    #####:  199:}
        -:  200:
function shuffle called 0 returned 0% blocks executed 0%
        -:  201:int shuffle(int player, struct gameState *state) {
        -:  202: 
        -:  203:
        -:  204:  int newDeck[MAX_DECK];
    #####:  205:  int newDeckPos = 0;
        -:  206:  int card;
        -:  207:  int i;
        -:  208:
    #####:  209:  if (state->deckCount[player] < 1)
branch  0 never executed
branch  1 never executed
    #####:  210:    return -1;
    #####:  211:  qsort ((void*)(state->deck[player]), state->deckCount[player], sizeof(int), compare); 
        -:  212:  /* SORT CARDS IN DECK TO ENSURE DETERMINISM! */
        -:  213:
    #####:  214:  while (state->deckCount[player] > 0) {
branch  0 never executed
branch  1 never executed
    #####:  215:    card = floor(Random() * state->deckCount[player]);
    #####:  216:    newDeck[newDeckPos] = state->deck[player][card];
    #####:  217:    newDeckPos++;
    #####:  218:    for (i = card; i < state->deckCount[player]-1; i++) {
branch  0 never executed
branch  1 never executed
    #####:  219:      state->deck[player][i] = state->deck[player][i+1];
    #####:  220:    }
    #####:  221:    state->deckCount[player]--;
        -:  222:  }
    #####:  223:  for (i = 0; i < newDeckPos; i++) {
branch  0 never executed
branch  1 never executed
    #####:  224:    state->deck[player][i] = newDeck[i];
    #####:  225:    state->deckCount[player]++;
    #####:  226:  }
        -:  227:
    #####:  228:  return 0;
    #####:  229:}
        -:  230:
function playCard called 0 returned 0% blocks executed 0%
        -:  231:int playCard(int handPos, int choice1, int choice2, int choice3, struct gameState *state) 
        -:  232:{	
        -:  233:  int card;
    #####:  234:  int coin_bonus = 0; 		//tracks coins gain from actions
        -:  235:
        -:  236:  //check if it is the right phase
    #####:  237:  if (state->phase != 0)
branch  0 never executed
branch  1 never executed
        -:  238:    {
    #####:  239:      return -1;
        -:  240:    }
        -:  241:	
        -:  242:  //check if player has enough actions
    #####:  243:  if ( state->numActions < 1 )
branch  0 never executed
branch  1 never executed
        -:  244:    {
    #####:  245:      return -1;
        -:  246:    }
        -:  247:	
        -:  248:  //get card played
    #####:  249:  card = handCard(handPos, state);
        -:  250:	
        -:  251:  //check if selected card is an action
    #####:  252:  if ( card < adventurer || card > treasure_map )
branch  0 never executed
branch  1 never executed
branch  2 never executed
branch  3 never executed
        -:  253:    {
    #####:  254:      return -1;
        -:  255:    }
        -:  256:	
        -:  257:  //play card
    #####:  258:  if ( cardEffect(card, choice1, choice2, choice3, state, handPos, &coin_bonus) < 0 )
branch  0 never executed
branch  1 never executed
        -:  259:    {
    #####:  260:      return -1;
        -:  261:    }
        -:  262:	
        -:  263:  //reduce number of actions
    #####:  264:  state->numActions--;
        -:  265:
        -:  266:  //update coins (Treasure cards may be added with card draws)
    #####:  267:  updateCoins(state->whoseTurn, state, coin_bonus);
        -:  268:	
    #####:  269:  return 0;
    #####:  270:}
        -:  271:
function buyCard called 0 returned 0% blocks executed 0%
        -:  272:int buyCard(int supplyPos, struct gameState *state) {
        -:  273:  int who;
        -:  274:  if (DEBUG){
        -:  275:    printf("Entering buyCard...\n");
        -:  276:  }
        -:  277:
        -:  278:  // I don't know what to do about the phase thing.
        -:  279:
    #####:  280:  who = state->whoseTurn;
        -:  281:
    #####:  282:  if (state->numBuys < 1){
branch  0 never executed
branch  1 never executed
        -:  283:    if (DEBUG)
        -:  284:      printf("You do not have any buys left\n");
    #####:  285:    return -1;
    #####:  286:  } else if (supplyCount(supplyPos, state) <1){
branch  0 never executed
branch  1 never executed
        -:  287:    if (DEBUG)
        -:  288:      printf("There are not any of that type of card left\n");
    #####:  289:    return -1;
    #####:  290:  } else if (state->coins < getCost(supplyPos)){
branch  0 never executed
branch  1 never executed
        -:  291:    if (DEBUG) 
        -:  292:      printf("You do not have enough money to buy that. You have %d coins.\n", state->coins);
    #####:  293:    return -1;
        -:  294:  } else {
    #####:  295:    state->phase=1;
        -:  296:    //state->supplyCount[supplyPos]--;
    #####:  297:    gainCard(supplyPos, state, 0, who); //card goes in discard, this might be wrong.. (2 means goes into hand, 0 goes into discard)
        -:  298:  
    #####:  299:    state->coins = (state->coins) - (getCost(supplyPos));
    #####:  300:    state->numBuys--;
        -:  301:    if (DEBUG)
        -:  302:      printf("You bought card number %d for %d coins. You now have %d buys and %d coins.\n", supplyPos, getCost(supplyPos), state->numBuys, state->coins);
        -:  303:  }
        -:  304:
        -:  305:  //state->discard[who][state->discardCount[who]] = supplyPos;
        -:  306:  //state->discardCount[who]++;
        -:  307:    
    #####:  308:  return 0;
    #####:  309:}
        -:  310:
function numHandCards called 0 returned 0% blocks executed 0%
        -:  311:int numHandCards(struct gameState *state) {
    #####:  312:  return state->handCount[ whoseTurn(state) ];
        -:  313:}
        -:  314:
function handCard called 0 returned 0% blocks executed 0%
        -:  315:int handCard(int handPos, struct gameState *state) {
    #####:  316:  int currentPlayer = whoseTurn(state);
    #####:  317:  return state->hand[currentPlayer][handPos];
        -:  318:}
        -:  319:
function supplyCount called 0 returned 0% blocks executed 0%
        -:  320:int supplyCount(int card, struct gameState *state) {
    #####:  321:  return state->supplyCount[card];
        -:  322:}
        -:  323:
function fullDeckCount called 0 returned 0% blocks executed 0%
        -:  324:int fullDeckCount(int player, int card, struct gameState *state) {
        -:  325:  int i;
    #####:  326:  int count = 0;
        -:  327:
    #####:  328:  for (i = 0; i < state->deckCount[player]; i++)
branch  0 never executed
branch  1 never executed
        -:  329:    {
    #####:  330:      if (state->deck[player][i] == card) count++;
branch  0 never executed
branch  1 never executed
    #####:  331:    }
        -:  332:
    #####:  333:  for (i = 0; i < state->handCount[player]; i++)
branch  0 never executed
branch  1 never executed
        -:  334:    {
    #####:  335:      if (state->hand[player][i] == card) count++;
branch  0 never executed
branch  1 never executed
    #####:  336:    }
        -:  337:
    #####:  338:  for (i = 0; i < state->discardCount[player]; i++)
branch  0 never executed
branch  1 never executed
        -:  339:    {
    #####:  340:      if (state->discard[player][i] == card) count++;
branch  0 never executed
branch  1 never executed
    #####:  341:    }
        -:  342:
    #####:  343:  return count;
        -:  344:}
        -:  345:
function whoseTurn called 1 returned 100% blocks executed 100%
        -:  346:int whoseTurn(struct gameState *state) {
        1:  347:  return state->whoseTurn;
        -:  348:}
        -:  349:
function endTurn called 0 returned 0% blocks executed 0%
        -:  350:int endTurn(struct gameState *state) {
        -:  351:  int k;
        -:  352:  int i;
    #####:  353:  int currentPlayer = whoseTurn(state);
        -:  354:  
        -:  355:  //Discard hand
    #####:  356:  for (i = 0; i < state->handCount[currentPlayer]; i++){
branch  0 never executed
branch  1 never executed
    #####:  357:    state->discard[currentPlayer][state->discardCount[currentPlayer]++] = state->hand[currentPlayer][i];//Discard
    #####:  358:    state->hand[currentPlayer][i] = -1;//Set card to -1
    #####:  359:  }
    #####:  360:  state->handCount[currentPlayer] = 0;//Reset hand count
        -:  361:    
        -:  362:  //Code for determining the player
    #####:  363:  if (currentPlayer < (state->numPlayers - 1)){ 
branch  0 never executed
branch  1 never executed
    #####:  364:    state->whoseTurn = currentPlayer + 1;//Still safe to increment
    #####:  365:  }
        -:  366:  else{
    #####:  367:    state->whoseTurn = 0;//Max player has been reached, loop back around to player 1
        -:  368:  }
        -:  369:
    #####:  370:  state->outpostPlayed = 0;
    #####:  371:  state->phase = 0;
    #####:  372:  state->numActions = 1;
    #####:  373:  state->coins = 0;
    #####:  374:  state->numBuys = 1;
    #####:  375:  state->playedCardCount = 0;
    #####:  376:  state->handCount[state->whoseTurn] = 0;
        -:  377:
        -:  378:  //int k; move to top
        -:  379:  //Next player draws hand
    #####:  380:  for (k = 0; k < 5; k++){
branch  0 never executed
branch  1 never executed
    #####:  381:    drawCard(state->whoseTurn, state);//Draw a card
    #####:  382:  }
        -:  383:
        -:  384:  //Update money
    #####:  385:  updateCoins(state->whoseTurn, state , 0);
        -:  386:
    #####:  387:  return 0;
        -:  388:}
        -:  389:
function isGameOver called 0 returned 0% blocks executed 0%
        -:  390:int isGameOver(struct gameState *state) {
        -:  391:  int i;
        -:  392:  int j;
        -:  393:	
        -:  394:  //if stack of Province cards is empty, the game ends
    #####:  395:  if (state->supplyCount[province] == 0)
branch  0 never executed
branch  1 never executed
        -:  396:    {
    #####:  397:      return 1;
        -:  398:    }
        -:  399:
        -:  400:  //if three supply pile are at 0, the game ends
    #####:  401:  j = 0;
    #####:  402:  for (i = 0; i < 25; i++)
branch  0 never executed
branch  1 never executed
        -:  403:    {
    #####:  404:      if (state->supplyCount[i] == 0)
branch  0 never executed
branch  1 never executed
        -:  405:	{
    #####:  406:	  j++;
    #####:  407:	}
    #####:  408:    }
    #####:  409:  if ( j >= 3)
branch  0 never executed
branch  1 never executed
        -:  410:    {
    #####:  411:      return 1;
        -:  412:    }
        -:  413:
    #####:  414:  return 0;
    #####:  415:}
        -:  416:
function scoreFor called 0 returned 0% blocks executed 0%
        -:  417:int scoreFor (int player, struct gameState *state) {
        -:  418:
        -:  419:  int i;
    #####:  420:  int score = 0;
        -:  421:  //score from hand
    #####:  422:  for (i = 0; i < state->handCount[player]; i++)
branch  0 never executed
branch  1 never executed
        -:  423:    {
    #####:  424:      if (state->hand[player][i] == curse) { score = score - 1; };
branch  0 never executed
branch  1 never executed
    #####:  425:      if (state->hand[player][i] == estate) { score = score + 1; };
branch  0 never executed
branch  1 never executed
    #####:  426:      if (state->hand[player][i] == duchy) { score = score + 3; };
branch  0 never executed
branch  1 never executed
    #####:  427:      if (state->hand[player][i] == province) { score = score + 6; };
branch  0 never executed
branch  1 never executed
    #####:  428:      if (state->hand[player][i] == great_hall) { score = score + 1; };
branch  0 never executed
branch  1 never executed
    #####:  429:      if (state->hand[player][i] == gardens) { score = score + ( fullDeckCount(player, 0, state) / 10 ); };
branch  0 never executed
branch  1 never executed
    #####:  430:    }
        -:  431:
        -:  432:  //score from discard
    #####:  433:  for (i = 0; i < state->discardCount[player]; i++)
branch  0 never executed
branch  1 never executed
        -:  434:    {
    #####:  435:      if (state->discard[player][i] == curse) { score = score - 1; };
branch  0 never executed
branch  1 never executed
    #####:  436:      if (state->discard[player][i] == estate) { score = score + 1; };
branch  0 never executed
branch  1 never executed
    #####:  437:      if (state->discard[player][i] == duchy) { score = score + 3; };
branch  0 never executed
branch  1 never executed
    #####:  438:      if (state->discard[player][i] == province) { score = score + 6; };
branch  0 never executed
branch  1 never executed
    #####:  439:      if (state->discard[player][i] == great_hall) { score = score + 1; };
branch  0 never executed
branch  1 never executed
    #####:  440:      if (state->discard[player][i] == gardens) { score = score + ( fullDeckCount(player, 0, state) / 10 ); };
branch  0 never executed
branch  1 never executed
    #####:  441:    }
        -:  442:
        -:  443:  //score from deck
    #####:  444:  for (i = 0; i < state->discardCount[player]; i++)
branch  0 never executed
branch  1 never executed
        -:  445:    {
    #####:  446:      if (state->deck[player][i] == curse) { score = score - 1; };
branch  0 never executed
branch  1 never executed
    #####:  447:      if (state->deck[player][i] == estate) { score = score + 1; };
branch  0 never executed
branch  1 never executed
    #####:  448:      if (state->deck[player][i] == duchy) { score = score + 3; };
branch  0 never executed
branch  1 never executed
    #####:  449:      if (state->deck[player][i] == province) { score = score + 6; };
branch  0 never executed
branch  1 never executed
    #####:  450:      if (state->deck[player][i] == great_hall) { score = score + 1; };
branch  0 never executed
branch  1 never executed
    #####:  451:      if (state->deck[player][i] == gardens) { score = score + ( fullDeckCount(player, 0, state) / 10 ); };
branch  0 never executed
branch  1 never executed
    #####:  452:    }
        -:  453:
    #####:  454:  return score;
        -:  455:}
        -:  456:
function getWinners called 0 returned 0% blocks executed 0%
        -:  457:int getWinners(int players[MAX_PLAYERS], struct gameState *state) {
        -:  458:  int i;	
        -:  459:  int j;
        -:  460:  int highScore;
        -:  461:  int currentPlayer;
        -:  462:
        -:  463:  //get score for each player
    #####:  464:  for (i = 0; i < MAX_PLAYERS; i++)
branch  0 never executed
branch  1 never executed
        -:  465:    {
        -:  466:      //set unused player scores to -9999
    #####:  467:      if (i >= state->numPlayers)
branch  0 never executed
branch  1 never executed
        -:  468:	{
    #####:  469:	  players[i] = -9999;
    #####:  470:	}
        -:  471:      else
        -:  472:	{
    #####:  473:	  players[i] = scoreFor (i, state);
        -:  474:	}
    #####:  475:    }
        -:  476:
        -:  477:  //find highest score
    #####:  478:  j = 0;
    #####:  479:  for (i = 0; i < MAX_PLAYERS; i++)
branch  0 never executed
branch  1 never executed
        -:  480:    {
    #####:  481:      if (players[i] > players[j])
branch  0 never executed
branch  1 never executed
        -:  482:	{
    #####:  483:	  j = i;
    #####:  484:	}
    #####:  485:    }
    #####:  486:  highScore = players[j];
        -:  487:
        -:  488:  //add 1 to players who had less turns
    #####:  489:  currentPlayer = whoseTurn(state);
    #####:  490:  for (i = 0; i < MAX_PLAYERS; i++)
branch  0 never executed
branch  1 never executed
        -:  491:    {
    #####:  492:      if ( players[i] == highScore && i > currentPlayer )
branch  0 never executed
branch  1 never executed
branch  2 never executed
branch  3 never executed
        -:  493:	{
    #####:  494:	  players[i]++;
    #####:  495:	}
    #####:  496:    }
        -:  497:
        -:  498:  //find new highest score
    #####:  499:  j = 0;
    #####:  500:  for (i = 0; i < MAX_PLAYERS; i++)
branch  0 never executed
branch  1 never executed
        -:  501:    {
    #####:  502:      if ( players[i] > players[j] )
branch  0 never executed
branch  1 never executed
        -:  503:	{
    #####:  504:	  j = i;
    #####:  505:	}
    #####:  506:    }
    #####:  507:  highScore = players[j];
        -:  508:
        -:  509:  //set winners in array to 1 and rest to 0
    #####:  510:  for (i = 0; i < MAX_PLAYERS; i++)
branch  0 never executed
branch  1 never executed
        -:  511:    {
    #####:  512:      if ( players[i] == highScore )
branch  0 never executed
branch  1 never executed
        -:  513:	{
    #####:  514:	  players[i] = 1;
    #####:  515:	}
        -:  516:      else
        -:  517:	{
    #####:  518:	  players[i] = 0;
        -:  519:	}
    #####:  520:    }
        -:  521:
    #####:  522:  return 0;
        -:  523:}
        -:  524:
function drawCard called 16 returned 100% blocks executed 41%
        -:  525:int drawCard(int player, struct gameState *state)
        -:  526:{	int count;
        -:  527:  int deckCounter;
       16:  528:  if (state->deckCount[player] <= 0){//Deck is empty
branch  0 taken 0%
branch  1 taken 100%
        -:  529:    
        -:  530:    //Step 1 Shuffle the discard pile back into a deck
        -:  531:    int i;
        -:  532:    //Move discard to deck
    #####:  533:    for (i = 0; i < state->discardCount[player];i++){
branch  0 never executed
branch  1 never executed
    #####:  534:      state->deck[player][i] = state->discard[player][i];
    #####:  535:      state->discard[player][i] = -1;
    #####:  536:    }
        -:  537:
    #####:  538:    state->deckCount[player] = state->discardCount[player];
    #####:  539:    state->discardCount[player] = 0;//Reset discard
        -:  540:
        -:  541:    //Shufffle the deck
    #####:  542:    shuffle(player, state);//Shuffle the deck up and make it so that we can draw
        -:  543:   
        -:  544:    if (DEBUG){//Debug statements
        -:  545:      printf("Deck count now: %d\n", state->deckCount[player]);
        -:  546:    }
        -:  547:    
    #####:  548:    state->discardCount[player] = 0;
        -:  549:
        -:  550:    //Step 2 Draw Card
    #####:  551:    count = state->handCount[player];//Get current player's hand count
        -:  552:    
        -:  553:    if (DEBUG){//Debug statements
        -:  554:      printf("Current hand count: %d\n", count);
        -:  555:    }
        -:  556:    
    #####:  557:    deckCounter = state->deckCount[player];//Create a holder for the deck count
        -:  558:
    #####:  559:    if (deckCounter == 0)
branch  0 never executed
branch  1 never executed
    #####:  560:      return -1;
        -:  561:
    #####:  562:    state->hand[player][count] = state->deck[player][deckCounter - 1];//Add card to hand
    #####:  563:    state->deckCount[player]--;
    #####:  564:    state->handCount[player]++;//Increment hand count
    #####:  565:  }
        -:  566:
        -:  567:  else{
       16:  568:    int count = state->handCount[player];//Get current hand count for player
        -:  569:    int deckCounter;
        -:  570:    if (DEBUG){//Debug statements
        -:  571:      printf("Current hand count: %d\n", count);
        -:  572:    }
        -:  573:
       16:  574:    deckCounter = state->deckCount[player];//Create holder for the deck count
       16:  575:    state->hand[player][count] = state->deck[player][deckCounter - 1];//Add card to the hand
       16:  576:    state->deckCount[player]--;
       16:  577:    state->handCount[player]++;//Increment hand count
        -:  578:  }
        -:  579:
       16:  580:  return 0;
       16:  581:}
        -:  582:
function getCost called 0 returned 0% blocks executed 0%
        -:  583:int getCost(int cardNumber)
        -:  584:{
    #####:  585:  switch( cardNumber ) 
branch  0 never executed
branch  1 never executed
branch  2 never executed
branch  3 never executed
branch  4 never executed
branch  5 never executed
branch  6 never executed
branch  7 never executed
branch  8 never executed
branch  9 never executed
branch 10 never executed
branch 11 never executed
branch 12 never executed
branch 13 never executed
branch 14 never executed
branch 15 never executed
branch 16 never executed
branch 17 never executed
branch 18 never executed
branch 19 never executed
branch 20 never executed
branch 21 never executed
branch 22 never executed
branch 23 never executed
branch 24 never executed
branch 25 never executed
branch 26 never executed
branch 27 never executed
        -:  586:    {
        -:  587:    case curse:
    #####:  588:      return 0;
        -:  589:    case estate:
    #####:  590:      return 2;
        -:  591:    case duchy:
    #####:  592:      return 5;
        -:  593:    case province:
    #####:  594:      return 8;
        -:  595:    case copper:
    #####:  596:      return 0;
        -:  597:    case silver:
    #####:  598:      return 3;
        -:  599:    case gold:
    #####:  600:      return 6;
        -:  601:    case adventurer:
    #####:  602:      return 6;
        -:  603:    case council_room:
    #####:  604:      return 5;
        -:  605:    case feast:
    #####:  606:      return 4;
        -:  607:    case gardens:
    #####:  608:      return 4;
        -:  609:    case mine:
    #####:  610:      return 5;
        -:  611:    case remodel:
    #####:  612:      return 4;
        -:  613:    case smithy:
    #####:  614:      return 4;
        -:  615:    case village:
    #####:  616:      return 3;
        -:  617:    case baron:
    #####:  618:      return 4;
        -:  619:    case great_hall:
    #####:  620:      return 3;
        -:  621:    case minion:
    #####:  622:      return 5;
        -:  623:    case steward:
    #####:  624:      return 3;
        -:  625:    case tribute:
    #####:  626:      return 5;
        -:  627:    case ambassador:
    #####:  628:      return 3;
        -:  629:    case cutpurse:
    #####:  630:      return 4;
        -:  631:    case embargo: 
    #####:  632:      return 2;
        -:  633:    case outpost:
    #####:  634:      return 5;
        -:  635:    case salvager:
    #####:  636:      return 4;
        -:  637:    case sea_hag:
    #####:  638:      return 4;
        -:  639:    case treasure_map:
    #####:  640:      return 4;
        -:  641:    }
        -:  642:	
    #####:  643:  return -1;
    #####:  644:}
        -:  645:
        -:  646:// Used when playing the Smith card
function useSmith called 0 returned 0% blocks executed 0%
        -:  647:void useSmith(int currentPlayer, struct gameState *state, int handPos)
        -:  648:{
        -:  649:	//+3 Card
        -:  650:	int i;
    #####:  651:	for (i = 0; i < 3; i++)
branch  0 never executed
branch  1 never executed
        -:  652:	{
    #####:  653:		drawCard(currentPlayer+1, state);
    #####:  654:	}
        -:  655:
        -:  656:	//discard card from hand
    #####:  657:	discardCard(handPos, currentPlayer-1, state, 0);
        -:  658:
    #####:  659:}
        -:  660:
function useAdventurer called 1 returned 0% blocks executed 86%
        -:  661:void useAdventurer(int temphand[], int drawntreasure, struct gameState *state, int currentPlayer, int cardDrawn, int z)
        -:  662:{
       34:  663:	while(drawntreasure<2)
branch  0 taken 94%
branch  1 taken 6%
        -:  664:	{
       16:  665:		if (state->deckCount[currentPlayer] <1)
branch  0 taken 0%
branch  1 taken 100%
        -:  666:		{
    #####:  667:			shuffle(currentPlayer, state);
    #####:  668:		}
        -:  669:		
       16:  670:		drawCard(currentPlayer, state);
        -:  671:		
       16:  672:		cardDrawn = state->hand[currentPlayer][state->handCount[currentPlayer]-1];
        -:  673:		
       46:  674:		if (cardDrawn == copper || cardDrawn == silver || cardDrawn == gold)
branch  0 taken 94%
branch  1 taken 6%
branch  2 taken 100%
branch  3 taken 0%
branch  4 taken 7%
branch  5 taken 93%
        -:  675:		{
        2:  676:			drawntreasure++;
        2:  677:		}
        -:  678:		else
        -:  679:		{
       14:  680:			temphand[z]=cardDrawn;
       14:  681:			state->handCount[currentPlayer]--;
       14:  682:			z++;
        -:  683:		}
        -:  684:	}
        1:  685:	fprintf( stderr, "z = %d\n" , z );
     5979:  686:	while(z-1>=0)
branch  0 taken 100%
branch  1 taken 0%
        -:  687:	{
     2989:  688:    fprintf( stderr, "z = %d\n" , z );
     2989:  689:		state->discard[currentPlayer][state->discardCount[currentPlayer]++]=temphand[z-1];
     2989:  690:		z=z+1;
        -:  691:	}
    #####:  692:}
        -:  693:
function useGardens called 0 returned 0% blocks executed 0%
        -:  694:int useGardens()
        -:  695:{
    #####:  696:	return 1;	
        -:  697:}
        -:  698:
function useSeaHag called 0 returned 0% blocks executed 0%
        -:  699:void useSeaHag(struct gameState *state, int currentPlayer)
        -:  700:{
        -:  701:	int i;
    #####:  702:      	for (i = 0; i < state->numPlayers; i++)
branch  0 never executed
branch  1 never executed
        -:  703:	{
    #####:  704:		if (i != currentPlayer)
branch  0 never executed
branch  1 never executed
        -:  705:		{
    #####:  706:	  	state->discard[i][state->discardCount[i]] = state->deck[i][state->deckCount[i]--];			    state->deckCount[i]--;
    #####:  707:	 	 state->discardCount[i]++;
    #####:  708:	  	state->deck[i][state->deckCount[i]++] = curse;//Top card now a curse
    #####:  709:		}
    #####:  710:      }
    #####:  711:}
        -:  712:
function useAmbassador called 0 returned 0% blocks executed 0%
        -:  713:int useAmbassador(int choice1, int choice2, int handPos, struct gameState *state, int currentPlayer)
        -:  714:{
        -:  715:	
    #####:  716:      int j = 0;		//used to check if player has enough cards to discard
        -:  717:	int i;
    #####:  718:      if (choice2 > 2 || choice2 < 0)
branch  0 never executed
branch  1 never executed
branch  2 never executed
branch  3 never executed
        -:  719:	{
    #####:  720:	  return -1;				
        -:  721:	}
        -:  722:
    #####:  723:      if (choice1 == handPos)
branch  0 never executed
branch  1 never executed
        -:  724:	{
    #####:  725:	  return -1;
        -:  726:	}
        -:  727:
    #####:  728:      for (i = 0; i < state->handCount[currentPlayer]; i++)
branch  0 never executed
branch  1 never executed
        -:  729:	{
    #####:  730:	  if (i != handPos && i == state->hand[currentPlayer][choice1] && i != choice1)
branch  0 never executed
branch  1 never executed
branch  2 never executed
branch  3 never executed
branch  4 never executed
branch  5 never executed
        -:  731:	    {
    #####:  732:	      j++;
    #####:  733:	    }
    #####:  734:	}
    #####:  735:      if (j < choice2)
branch  0 never executed
branch  1 never executed
        -:  736:	{
    #####:  737:	  return -1;				
        -:  738:	}
        -:  739:
        -:  740:      if (DEBUG) 
        -:  741:	printf("Player %d reveals card number: %d\n", currentPlayer, state->hand[currentPlayer][choice1]);
        -:  742:
        -:  743:      //increase supply count for choosen card by amount being discarded
    #####:  744:      state->supplyCount[state->hand[currentPlayer][choice1]] += choice2;
        -:  745:			
        -:  746:      //each other player gains a copy of revealed card
    #####:  747:      for (i = 0; i < state->numPlayers; i++)
branch  0 never executed
branch  1 never executed
        -:  748:	{
    #####:  749:	  if (i != currentPlayer)
branch  0 never executed
branch  1 never executed
        -:  750:	    {
    #####:  751:	      gainCard(state->hand[currentPlayer][choice1], state, 0, i);
    #####:  752:	    }
    #####:  753:	}
        -:  754:
        -:  755:      //discard played card from hand
    #####:  756:      discardCard(handPos, currentPlayer, state, 0);			
        -:  757:
        -:  758:      //trash copies of cards returned to supply
    #####:  759:      for (j = 0; j < choice2; j++)
branch  0 never executed
branch  1 never executed
        -:  760:	{
    #####:  761:	  for (i = 0; i < state->handCount[currentPlayer]; i++)
branch  0 never executed
branch  1 never executed
        -:  762:	    {
    #####:  763:	      if (state->hand[currentPlayer][i] == state->hand[currentPlayer][choice1])
branch  0 never executed
branch  1 never executed
        -:  764:		{
    #####:  765:		  discardCard(i, currentPlayer, state, 1);
    #####:  766:		  break;
        -:  767:		}
    #####:  768:	    }
    #####:  769:	}
        -:  770:
    #####:  771:	return 0;			
    #####:  772:}
        -:  773:
function cardEffect called 1 returned 0% blocks executed 2%
        -:  774:int cardEffect(int card, int choice1, int choice2, int choice3, struct gameState *state, int handPos, int *bonus)
        -:  775:{
        -:  776:  int i;
        -:  777:  int j;
        -:  778:  int k;
        -:  779:  int x;
        -:  780:  int index;
        1:  781:  int currentPlayer = whoseTurn(state);
        1:  782:  int nextPlayer = currentPlayer + 1;
        -:  783:
        1:  784:  int tributeRevealedCards[2] = {-1, -1};
        -:  785:  int temphand[MAX_HAND];// moved above the if statement
        1:  786:  int drawntreasure=0;
        -:  787:  int cardDrawn;
        1:  788:  int z = 0;// this is the counter for the temp hand
        1:  789:  if (nextPlayer > (state->numPlayers - 1)){
branch  0 taken 0%
branch  1 taken 100%
    #####:  790:    nextPlayer = 0;
    #####:  791:  }
        -:  792:  
        -:  793:	
        -:  794:  //uses switch to select card and perform actions
        1:  795:  switch( card ) 
branch  0 taken 100%
branch  1 taken 0%
branch  2 taken 0%
branch  3 taken 0%
branch  4 taken 0%
branch  5 taken 0%
branch  6 taken 0%
branch  7 taken 0%
branch  8 taken 0%
branch  9 taken 0%
branch 10 taken 0%
branch 11 taken 0%
branch 12 taken 0%
branch 13 taken 0%
branch 14 taken 0%
branch 15 taken 0%
branch 16 taken 0%
branch 17 taken 0%
branch 18 taken 0%
branch 19 taken 0%
branch 20 taken 0%
        -:  796:    {
        -:  797:    case adventurer:
        1:  798:	useAdventurer(temphand, drawntreasure, state, currentPlayer, cardDrawn, z);
        1:  799:      	return 0;
        -:  800:			
        -:  801:    case council_room:
        -:  802:      //+4 Cards
    #####:  803:      for (i = 0; i < 4; i++)
branch  0 never executed
branch  1 never executed
        -:  804:	{
    #####:  805:	  drawCard(currentPlayer, state);
    #####:  806:	}
        -:  807:			
        -:  808:      //+1 Buy
    #####:  809:      state->numBuys++;
        -:  810:			
        -:  811:      //Each other player draws a card
    #####:  812:      for (i = 0; i < state->numPlayers; i++)
branch  0 never executed
branch  1 never executed
        -:  813:	{
    #####:  814:	  if ( i != currentPlayer )
branch  0 never executed
branch  1 never executed
        -:  815:	    {
    #####:  816:	      drawCard(i, state);
    #####:  817:	    }
    #####:  818:	}
        -:  819:			
        -:  820:      //put played card in played card pile
    #####:  821:      discardCard(handPos, currentPlayer, state, 0);
        -:  822:			
    #####:  823:      return 0;
        -:  824:			
        -:  825:    case feast:
        -:  826:      //gain card with cost up to 5
        -:  827:      //Backup hand
    #####:  828:      for (i = 0; i <= state->handCount[currentPlayer]; i++){
branch  0 never executed
branch  1 never executed
    #####:  829:	temphand[i] = state->hand[currentPlayer][i];//Backup card
    #####:  830:	state->hand[currentPlayer][i] = -1;//Set to nothing
    #####:  831:      }
        -:  832:      //Backup hand
        -:  833:
        -:  834:      //Update Coins for Buy
    #####:  835:      updateCoins(currentPlayer, state, 5);
    #####:  836:      x = 1;//Condition to loop on
    #####:  837:      while( x == 1) {//Buy one card
branch  0 never executed
branch  1 never executed
    #####:  838:	if (supplyCount(choice1, state) <= 0){
branch  0 never executed
branch  1 never executed
        -:  839:	  if (DEBUG)
        -:  840:	    printf("None of that card left, sorry!\n");
        -:  841:
        -:  842:	  if (DEBUG){
        -:  843:	    printf("Cards Left: %d\n", supplyCount(choice1, state));
        -:  844:	  }
    #####:  845:	}
    #####:  846:	else if (state->coins < getCost(choice1)){
branch  0 never executed
branch  1 never executed
    #####:  847:	  printf("That card is too expensive!\n");
        -:  848:
        -:  849:	  if (DEBUG){
        -:  850:	    printf("Coins: %d < %d\n", state->coins, getCost(choice1));
        -:  851:	  }
    #####:  852:	}
        -:  853:	else{
        -:  854:
        -:  855:	  if (DEBUG){
        -:  856:	    printf("Deck Count: %d\n", state->handCount[currentPlayer] + state->deckCount[currentPlayer] + state->discardCount[currentPlayer]);
        -:  857:	  }
        -:  858:
    #####:  859:	  gainCard(choice1, state, 0, currentPlayer);//Gain the card
    #####:  860:	  x = 0;//No more buying cards
        -:  861:
        -:  862:	  if (DEBUG){
        -:  863:	    printf("Deck Count: %d\n", state->handCount[currentPlayer] + state->deckCount[currentPlayer] + state->discardCount[currentPlayer]);
        -:  864:	  }
        -:  865:
        -:  866:	}
        -:  867:      }     
        -:  868:
        -:  869:      //Reset Hand
    #####:  870:      for (i = 0; i <= state->handCount[currentPlayer]; i++){
branch  0 never executed
branch  1 never executed
    #####:  871:	state->hand[currentPlayer][i] = temphand[i];
    #####:  872:	temphand[i] = -1;
    #####:  873:      }
        -:  874:      //Reset Hand
        -:  875:      			
    #####:  876:      return 0;
        -:  877:			
        -:  878:    case gardens:
    #####:  879:      return useGardens();
        -:  880:			
        -:  881:    case mine:
    #####:  882:      j = state->hand[currentPlayer][choice1];  //store card we will trash
        -:  883:
    #####:  884:      if (state->hand[currentPlayer][choice1] < copper || state->hand[currentPlayer][choice1] > gold)
branch  0 never executed
branch  1 never executed
branch  2 never executed
branch  3 never executed
        -:  885:	{
    #####:  886:	  return -1;
        -:  887:	}
        -:  888:		
    #####:  889:      if (choice2 > treasure_map || choice2 < curse)
branch  0 never executed
branch  1 never executed
branch  2 never executed
branch  3 never executed
        -:  890:	{
    #####:  891:	  return -1;
        -:  892:	}
        -:  893:
    #####:  894:      if ( (getCost(state->hand[currentPlayer][choice1]) + 3) > getCost(choice2) )
branch  0 never executed
branch  1 never executed
        -:  895:	{
    #####:  896:	  return -1;
        -:  897:	}
        -:  898:
    #####:  899:      gainCard(choice2, state, 2, currentPlayer);
        -:  900:
        -:  901:      //discard card from hand
    #####:  902:      discardCard(handPos, currentPlayer, state, 0);
        -:  903:
        -:  904:      //discard trashed card
    #####:  905:      for (i = 0; i < state->handCount[currentPlayer]; i++)
branch  0 never executed
branch  1 never executed
        -:  906:	{
    #####:  907:	  if (state->hand[currentPlayer][i] == j)
branch  0 never executed
branch  1 never executed
        -:  908:	    {
    #####:  909:	      discardCard(i, currentPlayer, state, 0);			
    #####:  910:	      break;
        -:  911:	    }
    #####:  912:	}
        -:  913:			
    #####:  914:      return 0;
        -:  915:			
        -:  916:    case remodel:
    #####:  917:      j = state->hand[currentPlayer][choice1];  //store card we will trash
        -:  918:
    #####:  919:      if ( (getCost(state->hand[currentPlayer][choice1]) + 2) > getCost(choice2) )
branch  0 never executed
branch  1 never executed
        -:  920:	{
    #####:  921:	  return -1;
        -:  922:	}
        -:  923:
    #####:  924:      gainCard(choice2, state, 0, currentPlayer);
        -:  925:
        -:  926:      //discard card from hand
    #####:  927:      discardCard(handPos, currentPlayer, state, 0);
        -:  928:
        -:  929:      //discard trashed card
    #####:  930:      for (i = 0; i < state->handCount[currentPlayer]; i++)
branch  0 never executed
branch  1 never executed
        -:  931:	{
    #####:  932:	  if (state->hand[currentPlayer][i] == j)
branch  0 never executed
branch  1 never executed
        -:  933:	    {
    #####:  934:	      discardCard(i, currentPlayer, state, 0);			
    #####:  935:	      break;
        -:  936:	    }
    #####:  937:	}
        -:  938:
        -:  939:
    #####:  940:      return 0;
        -:  941:		
        -:  942:    case smithy:
        -:  943:	
    #####:  944:	useSmith(currentPlayer, state, handPos);
    #####:  945:	return 0;
        -:  946:
        -:  947:    case village:
        -:  948:      //+1 Card
    #####:  949:      drawCard(currentPlayer, state);
        -:  950:			
        -:  951:      //+2 Actions
    #####:  952:      state->numActions = state->numActions + 2;
        -:  953:			
        -:  954:      //discard played card from hand
    #####:  955:      discardCard(handPos, currentPlayer, state, 0);
    #####:  956:      return 0;
        -:  957:		
        -:  958:    case baron:
    #####:  959:      state->numBuys++;//Increase buys by 1!
    #####:  960:      if (choice1 > 0){//Boolean true or going to discard an estate
branch  0 never executed
branch  1 never executed
    #####:  961:	int p = 0;//Iterator for hand!
    #####:  962:	int card_not_discarded = 1;//Flag for discard set!
    #####:  963:	while(card_not_discarded){
branch  0 never executed
branch  1 never executed
    #####:  964:	  if (state->hand[currentPlayer][p] == estate){//Found an estate card!
branch  0 never executed
branch  1 never executed
    #####:  965:	    state->coins += 4;//Add 4 coins to the amount of coins
    #####:  966:	    state->discard[currentPlayer][state->discardCount[currentPlayer]] = state->hand[currentPlayer][p];
    #####:  967:	    state->discardCount[currentPlayer]++;
    #####:  968:	    for (;p < state->handCount[currentPlayer]; p++){
branch  0 never executed
branch  1 never executed
    #####:  969:	      state->hand[currentPlayer][p] = state->hand[currentPlayer][p+1];
    #####:  970:	    }
    #####:  971:	    state->hand[currentPlayer][state->handCount[currentPlayer]] = -1;
    #####:  972:	    state->handCount[currentPlayer]--;
    #####:  973:	    card_not_discarded = 0;//Exit the loop
    #####:  974:	  }
    #####:  975:	  else if (p > state->handCount[currentPlayer]){
branch  0 never executed
branch  1 never executed
        -:  976:	    if(DEBUG) {
        -:  977:	      printf("No estate cards in your hand, invalid choice\n");
        -:  978:	      printf("Must gain an estate if there are any\n");
        -:  979:	    }
    #####:  980:	    if (supplyCount(estate, state) > 0){
branch  0 never executed
branch  1 never executed
    #####:  981:	      gainCard(estate, state, 0, currentPlayer);
    #####:  982:	      state->supplyCount[estate]--;//Decrement estates
    #####:  983:	      if (supplyCount(estate, state) == 0){
branch  0 never executed
branch  1 never executed
    #####:  984:		isGameOver(state);
    #####:  985:	      }
    #####:  986:	    }
    #####:  987:	    card_not_discarded = 0;//Exit the loop
    #####:  988:	  }
        -:  989:			    
        -:  990:	  else{
    #####:  991:	    p++;//Next card
        -:  992:	  }
        -:  993:	}
    #####:  994:      }
        -:  995:			    
        -:  996:      else{
    #####:  997:	if (supplyCount(estate, state) > 0){
branch  0 never executed
branch  1 never executed
    #####:  998:	  gainCard(estate, state, 0, currentPlayer);//Gain an estate
    #####:  999:	  state->supplyCount[estate]--;//Decrement Estates
    #####: 1000:	  if (supplyCount(estate, state) == 0){
branch  0 never executed
branch  1 never executed
    #####: 1001:	    isGameOver(state);
    #####: 1002:	  }
    #####: 1003:	}
        -: 1004:      }
        -: 1005:	    
        -: 1006:      
    #####: 1007:      return 0;
        -: 1008:		
        -: 1009:    case great_hall:
        -: 1010:      //+1 Card
    #####: 1011:      drawCard(currentPlayer, state);
        -: 1012:			
        -: 1013:      //+1 Actions
    #####: 1014:      state->numActions++;
        -: 1015:			
        -: 1016:      //discard card from hand
    #####: 1017:      discardCard(handPos, currentPlayer, state, 0);
    #####: 1018:      return 0;
        -: 1019:		
        -: 1020:    case minion:
        -: 1021:      //+1 action
    #####: 1022:      state->numActions++;
        -: 1023:			
        -: 1024:      //discard card from hand
    #####: 1025:      discardCard(handPos, currentPlayer, state, 0);
        -: 1026:			
    #####: 1027:      if (choice1)		//+2 coins
branch  0 never executed
branch  1 never executed
        -: 1028:	{
    #####: 1029:	  state->coins = state->coins + 2;
    #####: 1030:	}
        -: 1031:			
    #####: 1032:      else if (choice2)		//discard hand, redraw 4, other players with 5+ cards discard hand and draw 4
branch  0 never executed
branch  1 never executed
        -: 1033:	{
        -: 1034:	  //discard hand
    #####: 1035:	  while(numHandCards(state) > 0)
branch  0 never executed
branch  1 never executed
        -: 1036:	    {
    #####: 1037:	      discardCard(handPos, currentPlayer, state, 0);
        -: 1038:	    }
        -: 1039:				
        -: 1040:	  //draw 4
    #####: 1041:	  for (i = 0; i < 4; i++)
branch  0 never executed
branch  1 never executed
        -: 1042:	    {
    #####: 1043:	      drawCard(currentPlayer, state);
    #####: 1044:	    }
        -: 1045:				
        -: 1046:	  //other players discard hand and redraw if hand size > 4
    #####: 1047:	  for (i = 0; i < state->numPlayers; i++)
branch  0 never executed
branch  1 never executed
        -: 1048:	    {
    #####: 1049:	      if (i != currentPlayer)
branch  0 never executed
branch  1 never executed
        -: 1050:		{
    #####: 1051:		  if ( state->handCount[i] > 4 )
branch  0 never executed
branch  1 never executed
        -: 1052:		    {
        -: 1053:		      //discard hand
    #####: 1054:		      while( state->handCount[i] > 0 )
branch  0 never executed
branch  1 never executed
        -: 1055:			{
    #####: 1056:			  discardCard(handPos, i, state, 0);
        -: 1057:			}
        -: 1058:							
        -: 1059:		      //draw 4
    #####: 1060:		      for (j = 0; j < 4; j++)
branch  0 never executed
branch  1 never executed
        -: 1061:			{
    #####: 1062:			  drawCard(i, state);
    #####: 1063:			}
    #####: 1064:		    }
    #####: 1065:		}
    #####: 1066:	    }
        -: 1067:				
    #####: 1068:	}
    #####: 1069:      return 0;
        -: 1070:		
        -: 1071:    case steward:
    #####: 1072:      if (choice1 == 1)
branch  0 never executed
branch  1 never executed
        -: 1073:	{
        -: 1074:	  //+2 cards
    #####: 1075:	  drawCard(currentPlayer, state);
    #####: 1076:	  drawCard(currentPlayer, state);
    #####: 1077:	}
    #####: 1078:      else if (choice1 == 2)
branch  0 never executed
branch  1 never executed
        -: 1079:	{
        -: 1080:	  //+2 coins
    #####: 1081:	  state->coins = state->coins + 2;
    #####: 1082:	}
        -: 1083:      else
        -: 1084:	{
        -: 1085:	  //trash 2 cards in hand
    #####: 1086:	  discardCard(choice2, currentPlayer, state, 1);
    #####: 1087:	  discardCard(choice3, currentPlayer, state, 1);
        -: 1088:	}
        -: 1089:			
        -: 1090:      //discard card from hand
    #####: 1091:      discardCard(handPos, currentPlayer, state, 0);
    #####: 1092:      return 0;
        -: 1093:		
        -: 1094:    case tribute:
    #####: 1095:      if ((state->discardCount[nextPlayer] + state->deckCount[nextPlayer]) <= 1){
branch  0 never executed
branch  1 never executed
    #####: 1096:	if (state->deckCount[nextPlayer] > 0){
branch  0 never executed
branch  1 never executed
    #####: 1097:	  tributeRevealedCards[0] = state->deck[nextPlayer][state->deckCount[nextPlayer]-1];
    #####: 1098:	  state->deckCount[nextPlayer]--;
    #####: 1099:	}
    #####: 1100:	else if (state->discardCount[nextPlayer] > 0){
branch  0 never executed
branch  1 never executed
    #####: 1101:	  tributeRevealedCards[0] = state->discard[nextPlayer][state->discardCount[nextPlayer]-1];
    #####: 1102:	  state->discardCount[nextPlayer]--;
    #####: 1103:	}
        -: 1104:	else{
        -: 1105:	  //No Card to Reveal
        -: 1106:	  if (DEBUG){
        -: 1107:	    printf("No cards to reveal\n");
        -: 1108:	  }
        -: 1109:	}
    #####: 1110:      }
        -: 1111:	    
        -: 1112:      else{
    #####: 1113:	if (state->deckCount[nextPlayer] == 0){
branch  0 never executed
branch  1 never executed
    #####: 1114:	  for (i = 0; i < state->discardCount[nextPlayer]; i++){
branch  0 never executed
branch  1 never executed
    #####: 1115:	    state->deck[nextPlayer][i] = state->discard[nextPlayer][i];//Move to deck
    #####: 1116:	    state->deckCount[nextPlayer]++;
    #####: 1117:	    state->discard[nextPlayer][i] = -1;
    #####: 1118:	    state->discardCount[nextPlayer]--;
    #####: 1119:	  }
        -: 1120:			    
    #####: 1121:	  shuffle(nextPlayer,state);//Shuffle the deck
    #####: 1122:	} 
    #####: 1123:	tributeRevealedCards[0] = state->deck[nextPlayer][state->deckCount[nextPlayer]-1];
    #####: 1124:	state->deck[nextPlayer][state->deckCount[nextPlayer]--] = -1;
    #####: 1125:	state->deckCount[nextPlayer]--;
    #####: 1126:	tributeRevealedCards[1] = state->deck[nextPlayer][state->deckCount[nextPlayer]-1];
    #####: 1127:	state->deck[nextPlayer][state->deckCount[nextPlayer]--] = -1;
    #####: 1128:	state->deckCount[nextPlayer]--;
        -: 1129:      }    
        -: 1130:		       
    #####: 1131:      if (tributeRevealedCards[0] == tributeRevealedCards[1]){//If we have a duplicate card, just drop one 
branch  0 never executed
branch  1 never executed
    #####: 1132:	state->playedCards[state->playedCardCount] = tributeRevealedCards[1];
    #####: 1133:	state->playedCardCount++;
    #####: 1134:	tributeRevealedCards[1] = -1;
    #####: 1135:      }
        -: 1136:
    #####: 1137:      for (i = 0; i <= 2; i ++){
branch  0 never executed
branch  1 never executed
    #####: 1138:	if (tributeRevealedCards[i] == copper || tributeRevealedCards[i] == silver || tributeRevealedCards[i] == gold){//Treasure cards
branch  0 never executed
branch  1 never executed
branch  2 never executed
branch  3 never executed
branch  4 never executed
branch  5 never executed
    #####: 1139:	  state->coins += 2;
    #####: 1140:	}
        -: 1141:		    
    #####: 1142:	else if (tributeRevealedCards[i] == estate || tributeRevealedCards[i] == duchy || tributeRevealedCards[i] == province || tributeRevealedCards[i] == gardens || tributeRevealedCards[i] == great_hall){//Victory Card Found
branch  0 never executed
branch  1 never executed
branch  2 never executed
branch  3 never executed
branch  4 never executed
branch  5 never executed
branch  6 never executed
branch  7 never executed
branch  8 never executed
branch  9 never executed
    #####: 1143:	  drawCard(currentPlayer, state);
    #####: 1144:	  drawCard(currentPlayer, state);
    #####: 1145:	}
        -: 1146:	else{//Action Card
    #####: 1147:	  state->numActions = state->numActions + 2;
        -: 1148:	}
    #####: 1149:      }
        -: 1150:	    
    #####: 1151:      return 0;
        -: 1152:		
        -: 1153:    case ambassador:
    #####: 1154:	return useAmbassador(choice1, choice2, handPos, state, currentPlayer);
        -: 1155:	
        -: 1156:    case cutpurse:
        -: 1157:
    #####: 1158:      updateCoins(currentPlayer, state, 2);
    #####: 1159:      for (i = 0; i < state->numPlayers; i++)
branch  0 never executed
branch  1 never executed
        -: 1160:	{
    #####: 1161:	  if (i != currentPlayer)
branch  0 never executed
branch  1 never executed
        -: 1162:	    {
    #####: 1163:	      for (j = 0; j < state->handCount[i]; j++)
branch  0 never executed
branch  1 never executed
        -: 1164:		{
    #####: 1165:		  if (state->hand[i][j] == copper)
branch  0 never executed
branch  1 never executed
        -: 1166:		    {
    #####: 1167:		      discardCard(j, i, state, 0);
    #####: 1168:		      break;
        -: 1169:		    }
    #####: 1170:		  if (j == state->handCount[i])
branch  0 never executed
branch  1 never executed
        -: 1171:		    {
    #####: 1172:		      for (k = 0; k < state->handCount[i]; k++)
branch  0 never executed
branch  1 never executed
        -: 1173:			{
        -: 1174:			  if (DEBUG)
        -: 1175:			    printf("Player %d reveals card number %d\n", i, state->hand[i][k]);
    #####: 1176:			}	
    #####: 1177:		      break;
        -: 1178:		    }		
    #####: 1179:		}
        -: 1180:					
    #####: 1181:	    }
        -: 1182:				
    #####: 1183:	}				
        -: 1184:
        -: 1185:      //discard played card from hand
    #####: 1186:      discardCard(handPos, currentPlayer, state, 0);			
        -: 1187:
    #####: 1188:      return 0;
        -: 1189:
        -: 1190:		
        -: 1191:    case embargo: 
        -: 1192:      //+2 Coins
    #####: 1193:      state->coins = state->coins + 2;
        -: 1194:			
        -: 1195:      //see if selected pile is in play
    #####: 1196:      if ( state->supplyCount[choice1] == -1 )
branch  0 never executed
branch  1 never executed
        -: 1197:	{
    #####: 1198:	  return -1;
        -: 1199:	}
        -: 1200:			
        -: 1201:      //add embargo token to selected supply pile
    #####: 1202:      state->embargoTokens[choice1]++;
        -: 1203:			
        -: 1204:      //trash card
    #####: 1205:      discardCard(handPos, currentPlayer, state, 1);		
    #####: 1206:      return 0;
        -: 1207:		
        -: 1208:    case outpost:
        -: 1209:      //set outpost flag
    #####: 1210:      state->outpostPlayed++;
        -: 1211:			
        -: 1212:      //discard card
    #####: 1213:      discardCard(handPos, currentPlayer, state, 0);
    #####: 1214:      return 0;
        -: 1215:		
        -: 1216:    case salvager:
        -: 1217:      //+1 buy
    #####: 1218:      state->numBuys++;
        -: 1219:			
    #####: 1220:      if (choice1)
branch  0 never executed
branch  1 never executed
        -: 1221:	{
        -: 1222:	  //gain coins equal to trashed card
    #####: 1223:	  state->coins = state->coins + getCost( handCard(choice1, state) );
        -: 1224:	  //trash card
    #####: 1225:	  discardCard(choice1, currentPlayer, state, 1);	
    #####: 1226:	}
        -: 1227:			
        -: 1228:      //discard card
    #####: 1229:      discardCard(handPos, currentPlayer, state, 0);
    #####: 1230:      return 0;
        -: 1231:		
        -: 1232:    case sea_hag:
    #####: 1233:	useSeaHag(state, currentPlayer);
    #####: 1234:      	return 0;
        -: 1235:		
        -: 1236:    case treasure_map:
        -: 1237:      //search hand for another treasure_map
    #####: 1238:      index = -1;
    #####: 1239:      for (i = 0; i < state->handCount[currentPlayer]; i++)
branch  0 never executed
branch  1 never executed
        -: 1240:	{
    #####: 1241:	  if (state->hand[currentPlayer][i] == treasure_map && i != handPos)
branch  0 never executed
branch  1 never executed
branch  2 never executed
branch  3 never executed
        -: 1242:	    {
    #####: 1243:	      index = i;
    #####: 1244:	      break;
        -: 1245:	    }
    #####: 1246:	}
    #####: 1247:      if (index > -1)
branch  0 never executed
branch  1 never executed
        -: 1248:	{
        -: 1249:	  //trash both treasure cards
    #####: 1250:	  discardCard(handPos, currentPlayer, state, 1);
    #####: 1251:	  discardCard(index, currentPlayer, state, 1);
        -: 1252:
        -: 1253:	  //gain 4 Gold cards
    #####: 1254:	  for (i = 0; i < 4; i++)
branch  0 never executed
branch  1 never executed
        -: 1255:	    {
    #####: 1256:	      gainCard(gold, state, 1, currentPlayer);
    #####: 1257:	    }
        -: 1258:				
        -: 1259:	  //return success
    #####: 1260:	  return 1;
        -: 1261:	}
        -: 1262:			
        -: 1263:      //no second treasure_map found in hand
    #####: 1264:      return -1;
        -: 1265:    }
        -: 1266:	
    #####: 1267:  return -1;
    #####: 1268:}
        -: 1269:
function discardCard called 0 returned 0% blocks executed 0%
        -: 1270:int discardCard(int handPos, int currentPlayer, struct gameState *state, int trashFlag)
        -: 1271:{	
        -: 1272:  //if card is not trashed, added to Played pile 
    #####: 1273:  if (trashFlag < 1)
branch  0 never executed
branch  1 never executed
        -: 1274:    {
        -: 1275:      //add card to played pile
    #####: 1276:      state->playedCards[state->playedCardCount] = state->hand[currentPlayer][handPos]; 
    #####: 1277:      state->playedCardCount++;
    #####: 1278:    }
        -: 1279:	
        -: 1280:  //set played card to -1
    #####: 1281:  state->hand[currentPlayer][handPos] = -1;
        -: 1282:  //remove card from player's hand
    #####: 1283:  if ( handPos == (state->handCount[currentPlayer] - 1) ) 	//last card in hand array is played
branch  0 never executed
branch  1 never executed
        -: 1284:    {
        -: 1285:      //reduce number of cards in hand
    #####: 1286:      state->handCount[currentPlayer]--;
    #####: 1287:    }
    #####: 1288:  else if ( state->handCount[currentPlayer] == 1 ) //only one card in hand
branch  0 never executed
branch  1 never executed
        -: 1289:    {
        -: 1290:      //reduce number of cards in hand
    #####: 1291:      state->handCount[currentPlayer]--;
    #####: 1292:    }
        -: 1293:  else 	
        -: 1294:    {
        -: 1295:      //replace discarded card with last card in hand
    #####: 1296:      state->hand[currentPlayer][handPos] = state->hand[currentPlayer][ (state->handCount[currentPlayer] - 1)];
        -: 1297:      //set last card to -1
    #####: 1298:      state->hand[currentPlayer][state->handCount[currentPlayer] - 1] = -1;
        -: 1299:      //reduce number of cards in hand
    #####: 1300:      state->handCount[currentPlayer]--;
        -: 1301:    }
    #####: 1302:  return 0;
        -: 1303:}
        -: 1304:
function gainCard called 0 returned 0% blocks executed 0%
        -: 1305:int gainCard(int supplyPos, struct gameState *state, int toFlag, int player)
        -: 1306:{
        -: 1307:  //Note: supplyPos is enum of choosen card
        -: 1308:	
        -: 1309:  //check if supply pile is empty (0) or card is not used in game (-1)
    #####: 1310:  if ( supplyCount(supplyPos, state) < 1 )
branch  0 never executed
branch  1 never executed
        -: 1311:    {
    #####: 1312:      return -1;
        -: 1313:    }
        -: 1314:	
        -: 1315:  //added card for [whoseTurn] current player:
        -: 1316:  // toFlag = 0 : add to discard
        -: 1317:  // toFlag = 1 : add to deck
        -: 1318:  // toFlag = 2 : add to hand
        -: 1319:
    #####: 1320:  if (toFlag == 1)
branch  0 never executed
branch  1 never executed
        -: 1321:    {
    #####: 1322:      state->deck[ player ][ state->deckCount[player] ] = supplyPos;
    #####: 1323:      state->deckCount[player]++;
    #####: 1324:    }
    #####: 1325:  else if (toFlag == 2)
branch  0 never executed
branch  1 never executed
        -: 1326:    {
    #####: 1327:      state->hand[ player ][ state->handCount[player] ] = supplyPos;
    #####: 1328:      state->handCount[player]++;
    #####: 1329:    }
        -: 1330:  else
        -: 1331:    {
    #####: 1332:      state->discard[player][ state->discardCount[player] ] = supplyPos;
    #####: 1333:      state->discardCount[player]++;
        -: 1334:    }
        -: 1335:	
        -: 1336:  //decrease number in supply pile
    #####: 1337:  state->supplyCount[supplyPos]--;
        -: 1338:	 
    #####: 1339:  return 0;
    #####: 1340:}
        -: 1341:
function updateCoins called 0 returned 0% blocks executed 0%
        -: 1342:int updateCoins(int player, struct gameState *state, int bonus)
        -: 1343:{
        -: 1344:  int i;
        -: 1345:	
        -: 1346:  //reset coin count
    #####: 1347:  state->coins = 0;
        -: 1348:
        -: 1349:  //add coins for each Treasure card in player's hand
    #####: 1350:  for (i = 0; i < state->handCount[player]; i++)
branch  0 never executed
branch  1 never executed
        -: 1351:    {
    #####: 1352:      if (state->hand[player][i] == copper)
branch  0 never executed
branch  1 never executed
        -: 1353:	{
    #####: 1354:	  state->coins += 1;
    #####: 1355:	}
    #####: 1356:      else if (state->hand[player][i] == silver)
branch  0 never executed
branch  1 never executed
        -: 1357:	{
    #####: 1358:	  state->coins += 2;
    #####: 1359:	}
    #####: 1360:      else if (state->hand[player][i] == gold)
branch  0 never executed
branch  1 never executed
        -: 1361:	{
    #####: 1362:	  state->coins += 3;
    #####: 1363:	}	
    #####: 1364:    }	
        -: 1365:
        -: 1366:  //add bonus
    #####: 1367:  state->coins += bonus;
        -: 1368:
    #####: 1369:  return 0;
        -: 1370:}
        -: 1371:
        -: 1372:
        -: 1373://end of dominion.c
        -: 1374:
